[2026-07-19 14:28:55] (SMTP Failed: SMTP Error: Could not authenticate.) TO: saxenaabhishek9009@gmail.com | SUBJECT: Your Login OTP | BODY: 

        <div style='font-family:Arial;padding:30px'>

            <h2>AllStage Login Verification</h2>

            <p>Your One Time Password is</p>

            <h1
                style='
                    letter-spacing:5px;
                    color:#2563eb;
                    font-size:40px;
                '
            >

            774750

            </h1>

            <p>

            This OTP is valid for only

            <b>5 minutes.</b>

            </p>

            <br>

            <p>

            If you didn't request this,

            ignore this email.

            </p>

        </div>

        
---
[2026-07-19 14:29:48] (SMTP Failed: SMTP Error: Could not authenticate.) TO: saxenaabhishek9009@gmail.com | SUBJECT: Your Login OTP | BODY: 

        <div style='font-family:Arial;padding:30px'>

            <h2>AllStage Login Verification</h2>

            <p>Your One Time Password is</p>

            <h1
                style='
                    letter-spacing:5px;
                    color:#2563eb;
                    font-size:40px;
                '
            >

            033393

            </h1>

            <p>

            This OTP is valid for only

            <b>5 minutes.</b>

            </p>

            <br>

            <p>

            If you didn't request this,

            ignore this email.

            </p>

        </div>

        
---
[2026-07-19 14:30:17] (SMTP Failed: SMTP Error: Could not authenticate.) TO: abhisheksxna.15@gmail.com | SUBJECT: Your Login OTP | BODY: 

        <div style='font-family:Arial;padding:30px'>

            <h2>AllStage Login Verification</h2>

            <p>Your One Time Password is</p>

            <h1
                style='
                    letter-spacing:5px;
                    color:#2563eb;
                    font-size:40px;
                '
            >

            270464

            </h1>

            <p>

            This OTP is valid for only

            <b>5 minutes.</b>

            </p>

            <br>

            <p>

            If you didn't request this,

            ignore this email.

            </p>

        </div>

        
---
[2026-07-19 14:42:01] (SMTP Failed: SMTP Error: Could not authenticate.) TO: saxenaabhishek9009@gmail.com | SUBJECT: Your Login OTP | BODY: 

        <div style='font-family:Arial;padding:30px'>

            <h2>AllStage Login Verification</h2>

            <p>Your One Time Password is</p>

            <h1
                style='
                    letter-spacing:5px;
                    color:#2563eb;
                    font-size:40px;
                '
            >

            419910

            </h1>

            <p>

            This OTP is valid for only

            <b>5 minutes.</b>

            </p>

            <br>

            <p>

            If you didn't request this,

            ignore this email.

            </p>

        </div>

        
---
[2026-07-19 15:55:10] (SMTP Failed: SMTP Error: Could not connect to SMTP host.) TO: pande.prakhar007@gmail.com | SUBJECT: Your Login OTP | BODY: 

        <div style='font-family:Arial;padding:30px'>

            <h2>AllStage Login Verification</h2>

            <p>Your One Time Password is</p>

            <h1
                style='
                    letter-spacing:5px;
                    color:#2563eb;
                    font-size:40px;
                '
            >

            747002

            </h1>

            <p>

            This OTP is valid for only

            <b>5 minutes.</b>

            </p>

            <br>

            <p>

            If you didn't request this,

            ignore this email.

            </p>

        </div>

        
---
